<?xml version="1.0" encoding="UTF-8"?>
<!-- Generated by org.testng.reporters.JUnitXMLReporter -->
<testsuite hostname="DESKTOP-K9EHMR9" ignored="0" name="Dashboard" tests="7" failures="1" timestamp="2021-07-15T17:31:29 IST" time="563.35" errors="0">
  <testcase name="TC_01_dashboardWidgets" time="29.19" classname="TestCases.SC_02_DashboardTest"/>
  <testcase name="TC_02_viewReport" time="62.548" classname="TestCases.SC_02_DashboardTest">
    <failure type="org.openqa.selenium.TimeoutException" message="Expected condition failed: waiting for visibility of [[ChromeDriver: chrome on WINDOWS (a18f17c9da5fcd35d95a793368bec4c0)] -&amp;gt; xpath: //h1//span] (tried for 30 second(s) with 55 milliseconds interval)
Build info: version: &amp;apos;3.141.59&amp;apos;, revision: &amp;apos;e82be7d358&amp;apos;, time: &amp;apos;2018-11-14T08:17:03&amp;apos;
System info: host: &amp;apos;DESKTOP-K9EHMR9&amp;apos;, ip: &amp;apos;192.168.0.144&amp;apos;, os.name: &amp;apos;Windows 10&amp;apos;, os.arch: &amp;apos;amd64&amp;apos;, os.version: &amp;apos;10.0&amp;apos;, java.version: &amp;apos;1.8.0_172&amp;apos;
Driver info: org.openqa.selenium.chrome.ChromeDriver
Capabilities {acceptInsecureCerts: false, browserName: chrome, browserVersion: 91.0.4472.124, chrome: {chromedriverVersion: 91.0.4472.101 (af52a90bf870..., userDataDir: C:\Users\Admin\AppData\Loca...}, goog:chromeOptions: {debuggerAddress: localhost:56625}, javascriptEnabled: true, networkConnectionEnabled: false, pageLoadStrategy: normal, platform: WINDOWS, platformName: WINDOWS, proxy: Proxy(), setWindowRect: true, strictFileInteractability: false, timeouts: {implicit: 0, pageLoad: 300000, script: 30000}, unhandledPromptBehavior: dismiss and notify, webauthn:extension:largeBlob: true, webauthn:virtualAuthenticators: true}
Session ID: a18f17c9da5fcd35d95a793368bec4c0">
      <![CDATA[org.openqa.selenium.TimeoutException: Expected condition failed: waiting for visibility of [[ChromeDriver: chrome on WINDOWS (a18f17c9da5fcd35d95a793368bec4c0)] -> xpath: //h1//span] (tried for 30 second(s) with 55 milliseconds interval)
Build info: version: '3.141.59', revision: 'e82be7d358', time: '2018-11-14T08:17:03'
System info: host: 'DESKTOP-K9EHMR9', ip: '192.168.0.144', os.name: 'Windows 10', os.arch: 'amd64', os.version: '10.0', java.version: '1.8.0_172'
Driver info: org.openqa.selenium.chrome.ChromeDriver
Capabilities {acceptInsecureCerts: false, browserName: chrome, browserVersion: 91.0.4472.124, chrome: {chromedriverVersion: 91.0.4472.101 (af52a90bf870..., userDataDir: C:\Users\Admin\AppData\Loca...}, goog:chromeOptions: {debuggerAddress: localhost:56625}, javascriptEnabled: true, networkConnectionEnabled: false, pageLoadStrategy: normal, platform: WINDOWS, platformName: WINDOWS, proxy: Proxy(), setWindowRect: true, strictFileInteractability: false, timeouts: {implicit: 0, pageLoad: 300000, script: 30000}, unhandledPromptBehavior: dismiss and notify, webauthn:extension:largeBlob: true, webauthn:virtualAuthenticators: true}
Session ID: a18f17c9da5fcd35d95a793368bec4c0
at org.openqa.selenium.support.ui.WebDriverWait.timeoutException(WebDriverWait.java:95)
at org.openqa.selenium.support.ui.FluentWait.until(FluentWait.java:272)
at commons.ExplicitWait.waitFor(ExplicitWait.java:164)
at commons.ExplicitWait.forElementToBeVisible(ExplicitWait.java:78)
at commons.ExplicitWait.forElementToBeVisible(ExplicitWait.java:62)
at Pages.ViewReportPage.verifyReportDetails(ViewReportPage.java:129)
at TestCases.SC_02_DashboardTest.TC_02_viewReport(SC_02_DashboardTest.java:45)
at java.util.ArrayList.forEach(ArrayList.java:1257)
... Removed 31 stack frames]]>
    </failure>
  </testcase> <!-- TC_02_viewReport -->
  <testcase name="TC_03_verifySearch" time="32.3" classname="TestCases.SC_02_DashboardTest"/>
  <testcase name="TC_04_verifyPagination" time="157.94" classname="TestCases.SC_02_DashboardTest"/>
  <testcase name="TC_05_sortingColumns" time="126.597" classname="TestCases.SC_02_DashboardTest"/>
  <testcase name="TC_06_dateRange" time="32.731" classname="TestCases.SC_02_DashboardTest"/>
  <testcase name="TC_07_repairIDVerification" time="43.585" classname="TestCases.SC_02_DashboardTest"/>
</testsuite> <!-- Dashboard -->
