<?xml version="1.0" encoding="UTF-8"?>
<!-- Generated by org.testng.reporters.JUnitXMLReporter -->
<testsuite hostname="DESKTOP-K9EHMR9" ignored="0" name="Ticket Detail" tests="3" failures="1" timestamp="2021-03-10T19:23:38 IST" time="287.697" errors="0">
  <testcase name="TC_01_statusValidation" time="79.483" classname="TestCases.SC_04_TicketDetailTest"/>
  <testcase name="TC_02_commentsValidationInNetSuite" time="55.404" classname="TestCases.SC_04_TicketDetailTest">
    <failure type="java.lang.IllegalArgumentException" message="Keys to send should be a not null CharSequence">
      <![CDATA[java.lang.IllegalArgumentException: Keys to send should be a not null CharSequence
at org.openqa.selenium.remote.RemoteWebElement.sendKeys(RemoteWebElement.java:97)
at org.openqa.selenium.support.pagefactory.internal.LocatingElementHandler.invoke(LocatingElementHandler.java:51)
at com.sun.proxy.$Proxy24.sendKeys(Unknown Source)
at commons.BasePage.sendKeys(BasePage.java:40)
at commons.BasePage.sendKeys(BasePage.java:44)
at Pages.TicketDetailsPage.enterComments(TicketDetailsPage.java:148)
at TestCases.SC_04_TicketDetailTest.TC_02_commentsValidationInNetSuite(SC_04_TicketDetailTest.java:66)
at java.util.ArrayList.forEach(ArrayList.java:1257)
... Removed 34 stack frames]]>
    </failure>
  </testcase> <!-- TC_02_commentsValidationInNetSuite -->
  <testcase name="TC_03_commentsValidationInBarcodes" time="101.347" classname="TestCases.SC_04_TicketDetailTest"/>
</testsuite> <!-- Ticket Detail -->
