<?xml version="1.0" encoding="UTF-8"?>
<!-- Generated by org.testng.reporters.JUnitReportReporter -->
<testsuite skipped="0" hostname="DESKTOP-K9EHMR9" name="TestCases.SC_08_AssetDetailScreenTest" tests="7" failures="1" timestamp="2021-07-15T18:01:07 IST" time="528.893" errors="0">
  <testcase name="TC_01_addContractPageVerification" time="95.700" classname="TestCases.SC_08_AssetDetailScreenTest"/>
  <system-out/>
  <testcase name="TC_02_createTicketPageVerification" time="68.705" classname="TestCases.SC_08_AssetDetailScreenTest"/>
  <system-out/>
  <testcase name="TC_04_ticketDetailsOfAsset" time="59.745" classname="TestCases.SC_08_AssetDetailScreenTest"/>
  <system-out/>
  <testcase name="TC_05_ticketDetailsPage" time="97.430" classname="TestCases.SC_08_AssetDetailScreenTest"/>
  <system-out/>
  <testcase name="TC_06_realImageVerification" time="51.041" classname="TestCases.SC_08_AssetDetailScreenTest"/>
  <system-out/>
  <testcase name="TC_07_contractVerification" time="103.002" classname="TestCases.SC_08_AssetDetailScreenTest"/>
  <system-out/>
  <testcase name="TC_08_locationVerification" time="53.270" classname="TestCases.SC_08_AssetDetailScreenTest">
    <failure type="java.lang.AssertionError" message="The location for the respective Asset is not displayed expected [true] but found [false]">
      <![CDATA[java.lang.AssertionError: The location for the respective Asset is not displayed expected [true] but found [false]
at org.testng.Assert.fail(Assert.java:99)
at org.testng.Assert.failNotEquals(Assert.java:1037)
at org.testng.Assert.assertEqualsImpl(Assert.java:140)
at org.testng.Assert.assertEquals(Assert.java:122)
at org.testng.Assert.assertEquals(Assert.java:819)
at Pages.AssetDetailsPage.locationValidation(AssetDetailsPage.java:177)
at Pages.MyAssetsPage.locationVerfication(MyAssetsPage.java:368)
at TestCases.SC_08_AssetDetailScreenTest.TC_08_locationVerification(SC_08_AssetDetailScreenTest.java:187)
at sun.reflect.NativeMethodAccessorImpl.invoke0(Native Method)
at sun.reflect.NativeMethodAccessorImpl.invoke(NativeMethodAccessorImpl.java:62)
at sun.reflect.DelegatingMethodAccessorImpl.invoke(DelegatingMethodAccessorImpl.java:43)
at java.lang.reflect.Method.invoke(Method.java:498)
at org.testng.internal.MethodInvocationHelper.invokeMethod(MethodInvocationHelper.java:132)
at org.testng.internal.TestInvoker.invokeMethod(TestInvoker.java:599)
at org.testng.internal.TestInvoker.invokeTestMethod(TestInvoker.java:174)
at org.testng.internal.MethodRunner.runInSequence(MethodRunner.java:46)
at org.testng.internal.TestInvoker$MethodInvocationAgent.invoke(TestInvoker.java:822)
at org.testng.internal.TestInvoker.invokeTestMethods(TestInvoker.java:147)
at org.testng.internal.TestMethodWorker.invokeTestMethods(TestMethodWorker.java:146)
at org.testng.internal.TestMethodWorker.run(TestMethodWorker.java:128)
at java.util.ArrayList.forEach(ArrayList.java:1257)
at org.testng.TestRunner.privateRun(TestRunner.java:764)
at org.testng.TestRunner.run(TestRunner.java:585)
at org.testng.SuiteRunner.runTest(SuiteRunner.java:384)
at org.testng.SuiteRunner.runSequentially(SuiteRunner.java:378)
at org.testng.SuiteRunner.privateRun(SuiteRunner.java:337)
at org.testng.SuiteRunner.run(SuiteRunner.java:286)
at org.testng.SuiteRunnerWorker.runSuite(SuiteRunnerWorker.java:53)
at org.testng.SuiteRunnerWorker.run(SuiteRunnerWorker.java:96)
at org.testng.TestNG.runSuitesSequentially(TestNG.java:1218)
at org.testng.TestNG.runSuitesLocally(TestNG.java:1140)
at org.testng.TestNG.runSuites(TestNG.java:1069)
at org.testng.TestNG.run(TestNG.java:1037)
at org.apache.maven.surefire.testng.TestNGExecutor.run(TestNGExecutor.java:283)
at org.apache.maven.surefire.testng.TestNGXmlTestSuite.execute(TestNGXmlTestSuite.java:75)
at org.apache.maven.surefire.testng.TestNGProvider.invoke(TestNGProvider.java:120)
at org.apache.maven.surefire.booter.ForkedBooter.runSuitesInProcess(ForkedBooter.java:377)
at org.apache.maven.surefire.booter.ForkedBooter.execute(ForkedBooter.java:138)
at org.apache.maven.surefire.booter.ForkedBooter.run(ForkedBooter.java:465)
at org.apache.maven.surefire.booter.ForkedBooter.main(ForkedBooter.java:451)
]]>
    </failure>
  </testcase> <!-- TC_08_locationVerification -->
  <system-out/>
</testsuite> <!-- TestCases.SC_08_AssetDetailScreenTest -->
